<?xml version="1.0" encoding="UTF-8"?>
<!-- Generated by org.testng.reporters.JUnitXMLReporter -->
<testsuite ignored="0" hostname="LAPTOP-AH8ETRRP" failures="0" tests="2" name="Default test" time="46.266" errors="0" timestamp="2020-06-22T15:13:39 IST">
  <testcase classname="com.selenium.examples.Project.HomePage" name="basePageNavigation" time="16.772"/>
  <testcase classname="com.selenium.examples.Project.Validation" name="basePageNavigation" time="29.451"/>
</testsuite> <!-- Default test -->
