<?xml version="1.0" encoding="UTF-8"?>
<testng-results ignored="0" total="2" passed="2" failed="0" skipped="0">
  <reporter-output>
  </reporter-output>
  <suite started-at="2020-06-22T15:12:53 IST" name="Default suite" finished-at="2020-06-22T15:13:39 IST" duration-ms="46266">
    <groups>
    </groups>
    <test started-at="2020-06-22T15:12:53 IST" name="Default test" finished-at="2020-06-22T15:13:39 IST" duration-ms="46266">
      <class name="com.selenium.examples.Project.HomePage">
        <test-method signature="basePageNavigation()[pri:0, instance:com.selenium.examples.Project.HomePage@7749bf93]" started-at="2020-06-22T15:12:53 IST" name="basePageNavigation" finished-at="2020-06-22T15:13:10 IST" duration-ms="16772" status="PASS">
          <reporter-output>
          </reporter-output>
        </test-method> <!-- basePageNavigation -->
      </class> <!-- com.selenium.examples.Project.HomePage -->
      <class name="com.selenium.examples.Project.Validation">
        <test-method signature="basePageNavigation()[pri:0, instance:com.selenium.examples.Project.Validation@13330ac6]" started-at="2020-06-22T15:13:10 IST" name="basePageNavigation" finished-at="2020-06-22T15:13:39 IST" duration-ms="29451" status="PASS">
          <reporter-output>
          </reporter-output>
        </test-method> <!-- basePageNavigation -->
      </class> <!-- com.selenium.examples.Project.Validation -->
    </test> <!-- Default test -->
  </suite> <!-- Default suite -->
</testng-results>
